[28/11/2023 18:52:13] Transfer BLIK od konta 8d9a2601-1f57-46f8-a8bb-e524e8662a1a na nr. 123456789 | Brak wystarczajacych srodkow na koncie
[28/11/2023 18:52:18] Transfer BLIK od konta 8d9a2601-1f57-46f8-a8bb-e524e8662a1a na nr. 123456789 | Brak wystarczajacych srodkow na koncie
[28/11/2023 18:58:58] Transfer BLIK od konta 8d9a2601-1f57-46f8-a8bb-e524e8662a1a na nr. 123456789 | Nie mozna wykonac przelewu o ujemnej kwocie
[28/11/2023 19:01:03] Transfer BLIK od konta 8d9a2601-1f57-46f8-a8bb-e524e8662a1a na nr. 123456789 | Transfer BLIK od konta 8d9a2601-1f57-46f8-a8bb-e524e8662a1a na nr. 123456789
[28/11/2023 19:03:21] Transfer BLIK od konta 8d9a2601-1f57-46f8-a8bb-e524e8662a1a na nr. 123456789 | Transfer BLIK od konta 8d9a2601-1f57-46f8-a8bb-e524e8662a1a na nr. 123456789
[28/11/2023 19:05:25] Transfer BLIK od konta 8d9a2601-1f57-46f8-a8bb-e524e8662a1a na nr. 123456789 | Transfer BLIK od konta 8d9a2601-1f57-46f8-a8bb-e524e8662a1a na nr. 123456789
[28/11/2023 19:06:39] Transfer BLIK od konta 8d9a2601-1f57-46f8-a8bb-e524e8662a1a na nr. 123456789 | Transfer BLIK od konta 8d9a2601-1f57-46f8-a8bb-e524e8662a1a na nr. 123456789
[28/11/2023 19:10:14] Transfer BLIK od konta 8d9a2601-1f57-46f8-a8bb-e524e8662a1a na nr. 123456789 | Transfer BLIK od konta 8d9a2601-1f57-46f8-a8bb-e524e8662a1a na nr. 123456789
[28/11/2023 19:11:52] Transfer BLIK od konta 8d9a2601-1f57-46f8-a8bb-e524e8662a1a na nr. 123456789 | Transfer BLIK od konta 8d9a2601-1f57-46f8-a8bb-e524e8662a1a na nr. 123456789
[28/11/2023 19:13:22] Transfer BLIK od konta 8d9a2601-1f57-46f8-a8bb-e524e8662a1a na nr. 123456789 | Transfer BLIK od konta 8d9a2601-1f57-46f8-a8bb-e524e8662a1a na nr. 123456789
[28/11/2023 19:18:33] Transfer BLIK od konta 8d9a2601-1f57-46f8-a8bb-e524e8662a1a na nr. 123456789 | Brak wystarczajacych srodkow na koncie
[28/11/2023 19:18:52] Transfer BLIK od konta 8d9a2601-1f57-46f8-a8bb-e524e8662a1a na nr. 123456789 | Transfer BLIK od konta 8d9a2601-1f57-46f8-a8bb-e524e8662a1a na nr. 123456789
[28/11/2023 19:19:39] Transfer BLIK od konta 8d9a2601-1f57-46f8-a8bb-e524e8662a1a na nr. 123456789 | Brak wystarczajacych srodkow na koncie
[28/11/2023 19:19:42] Transfer BLIK od konta 8d9a2601-1f57-46f8-a8bb-e524e8662a1a na nr. 123456789 | Transfer BLIK od konta 8d9a2601-1f57-46f8-a8bb-e524e8662a1a na nr. 123456789
[28/11/2023 19:37:25] Transfer BLIK od konta 8d9a2601-1f57-46f8-a8bb-e524e8662a1a na nr. 123456789 | Transfer BLIK od konta 8d9a2601-1f57-46f8-a8bb-e524e8662a1a na nr. 123456789
[29/11/2023 09:36:05] Transfer BLIK od konta 8d9a2601-1f57-46f8-a8bb-e524e8662a1a na nr. 123456789 | Transfer BLIK od konta 8d9a2601-1f57-46f8-a8bb-e524e8662a1a na nr. 123456789
[04/12/2023 15:08:17] Transfer BLIK od konta 8d9a2601-1f57-46f8-a8bb-e524e8662a1a na nr. 123456789 | Nie znaleziono konta
[04/12/2023 15:08:35] Transfer BLIK od konta 8d9a2601-1f57-46f8-a8bb-e524e8662a1a na nr. 123456799 | Nie znaleziono konta
[04/12/2023 15:09:46] Transfer BLIK od konta 8d9a2601-1f57-46f8-a8bb-e524e8662a1a na nr. 123456789 | Transfer BLIK od konta 8d9a2601-1f57-46f8-a8bb-e524e8662a1a na nr. 123456789
[04/12/2023 15:10:15] Transfer BLIK od konta 8d9a2601-1f57-46f8-a8bb-e524e8662a1a na nr. 123456799 | Transfer BLIK od konta 8d9a2601-1f57-46f8-a8bb-e524e8662a1a na nr. 123456799
[15/01/2024 15:23:17] Wplata w bankomacie  do konta bdb98299-1e56-40c6-9b18-c5c7eeb608fc za 123123.0 | Nie znaleziono konta
[15/01/2024 15:25:06] Wplata w bankomacie  do konta bdb98299-1e56-40c6-9b18-c5c7eeb608fc za 123123.0 | Nie znaleziono konta
[15/01/2024 15:26:05] Wplata w bankomacie  do konta bdb98299-1e56-40c6-9b18-c5c7eeb608fc za 123.0 | Nie znaleziono konta
[15/01/2024 15:28:53] Wplata w bankomacie  do konta bdb98299-1e56-40c6-9b18-c5c7eeb608fc za 123.0 | Nie znaleziono konta
[15/01/2024 15:30:08] Wplata w bankomacie  do konta bdb98299-1e56-40c6-9b18-c5c7eeb608fc za 123.0 | Nie znaleziono konta
[15/01/2024 15:30:25] Wyplata z bankomatu  do konta bdb98299-1e56-40c6-9b18-c5c7eeb608fc za 123.0 | Nie znaleziono konta
[15/01/2024 15:31:06] Wplata w bankomacie  do konta bdb98299-1e56-40c6-9b18-c5c7eeb608fc za 1.23123123E8 | Brak wystarczajacych srodkow na koncie
[15/01/2024 15:33:48] Wplata w bankomacie  do konta bdb98299-1e56-40c6-9b18-c5c7eeb608fc za 1.23123123E8 | Wplata w bankomacie  do konta bdb98299-1e56-40c6-9b18-c5c7eeb608fc za 1.23123123E8
[15/01/2024 15:35:53] Wplata w bankomacie  do konta bdb98299-1e56-40c6-9b18-c5c7eeb608fc za 123.0 | Wplata w bankomacie  do konta bdb98299-1e56-40c6-9b18-c5c7eeb608fc za 123.0
[15/01/2024 15:36:34] Wplata w bankomacie  do konta bdb98299-1e56-40c6-9b18-c5c7eeb608fc za 1.23456789E8 | Wplata w bankomacie  do konta bdb98299-1e56-40c6-9b18-c5c7eeb608fc za 1.23456789E8
[15/01/2024 15:44:14] Wplata w bankomacie  do konta bdb98299-1e56-40c6-9b18-c5c7eeb608fc za 1234.0 | Wplata w bankomacie  do konta bdb98299-1e56-40c6-9b18-c5c7eeb608fc za 1234.0
[15/01/2024 15:49:20] Wyplata z bankomatu  do konta bdb98299-1e56-40c6-9b18-c5c7eeb608fc za 1234.0 | Wyplata z bankomatu  do konta bdb98299-1e56-40c6-9b18-c5c7eeb608fc za 1234.0
[15/01/2024 15:59:41] Wplata w bankomacie  do konta bdb98299-1e56-40c6-9b18-c5c7eeb608fc za 1234.0 | Wplata w bankomacie  do konta bdb98299-1e56-40c6-9b18-c5c7eeb608fc za 1234.0
[15/01/2024 15:59:52] Wyplata z bankomatu  do konta bdb98299-1e56-40c6-9b18-c5c7eeb608fc za 10000.0 | Wyplata z bankomatu  do konta bdb98299-1e56-40c6-9b18-c5c7eeb608fc za 10000.0
[19/01/2024 15:37:48] Wplata w bankomacie  do konta 4d117881-ccfc-46af-a000-8f06e1522ff6 za 2137.0 | Wplata w bankomacie  do konta 4d117881-ccfc-46af-a000-8f06e1522ff6 za 2137.0
[20/01/2024 20:26:33] Wplata w bankomacie  do konta aa66dfd6-bf0a-4b35-ae6d-189996ffddaa za 10000.0 | Wplata w bankomacie  do konta aa66dfd6-bf0a-4b35-ae6d-189996ffddaa za 10000.0
[23/01/2024 19:42:26] Wplata w bankomacie  do konta 4f18dad2-e869-4815-a2a8-566fb516d2d7 za 2000.0 | Wplata w bankomacie  do konta 4f18dad2-e869-4815-a2a8-566fb516d2d7 za 2000.0
